#
# There is insufficient memory for the Java Runtime Environment to continue.
# Native memory allocation (mmap) failed to map 268435456 bytes for G1 virtual space
# Possible reasons:
#   The system is out of physical RAM or swap space
#   The process is running with CompressedOops enabled, and the Java Heap may be blocking the growth of the native heap
# Possible solutions:
#   Reduce memory load on the system
#   Increase physical memory or swap space
#   Check if swap backing store is full
#   Decrease Java heap size (-Xmx/-Xms)
#   Decrease number of Java threads
#   Decrease Java thread stack sizes (-Xss)
#   Set larger code cache with -XX:ReservedCodeCacheSize=
#   JVM is running with Zero Based Compressed Oops mode in which the Java heap is
#     placed in the first 32GB address space. The Java Heap base address is the
#     maximum limit for the native heap growth. Please use -XX:HeapBaseMinAddress
#     to set the Java Heap base and to place the Java Heap above 32GB virtual address.
# This output file may be truncated or incomplete.
#
#  Out of Memory Error (os_windows.cpp:3771), pid=10308, tid=932
#
# JRE version:  (17.0.7) (build )
# Java VM: OpenJDK 64-Bit Server VM (17.0.7+0-b2043.56-10550314, mixed mode, sharing, tiered, compressed oops, compressed class ptrs, g1 gc, windows-amd64)
# No core dump will be written. Minidumps are not enabled by default on client versions of Windows
#

---------------  S U M M A R Y ------------

Command Line: org.jetbrains.kotlin.cli.jvm.K2JVMCompiler @C:\Users\Ishika\AndroidStudioProjects\ProjManage\app\build\20240721_15695693765464320006.compiler.options

Host: Intel(R) Core(TM) i5-8250U CPU @ 1.60GHz, 8 cores, 15G,  Windows 11 , 64 bit Build 22621 (10.0.22621.3672)
Time: Sun Jul 21 10:49:25 2024 Pacific Summer Time elapsed time: 0.029949 seconds (0d 0h 0m 0s)

---------------  T H R E A D  ---------------

Current thread (0x000001f9f26d1800):  JavaThread "Unknown thread" [_thread_in_vm, id=932, stack(0x0000007ab0200000,0x0000007ab0300000)]

Stack: [0x0000007ab0200000,0x0000007ab0300000]
Native frames: (J=compiled Java code, j=interpreted, Vv=VM code, C=native code)
V  [jvm.dll+0x683bfa]
V  [jvm.dll+0x8430a4]
V  [jvm.dll+0x8449be]
V  [jvm.dll+0x845023]
V  [jvm.dll+0x24ad2f]
V  [jvm.dll+0x680ac9]
V  [jvm.dll+0x67519a]
V  [jvm.dll+0x30b3cb]
V  [jvm.dll+0x312876]
V  [jvm.dll+0x36221e]
V  [jvm.dll+0x36244f]
V  [jvm.dll+0x2e14a8]
V  [jvm.dll+0x2e2414]
V  [jvm.dll+0x814391]
V  [jvm.dll+0x36ffe1]
V  [jvm.dll+0x7f396c]
V  [jvm.dll+0x3f305f]
V  [jvm.dll+0x3f4b91]
C  [jli.dll+0x528f]
C  [ucrtbase.dll+0x29333]
C  [KERNEL32.DLL+0x1257d]
C  [ntdll.dll+0x5af28]


---------------  P R O C E S S  ---------------

Threads class SMR info:
_java_thread_list=0x00007ffbd5dad098, length=0, elements={
}

Java Threads: ( => current thread )

Other Threads:
  0x000001f9f273d8b0 GCTaskThread "GC Thread#0" [stack: 0x0000007ab0300000,0x0000007ab0400000] [id=11588]
  0x000001f9f274ee40 ConcurrentGCThread "G1 Main Marker" [stack: 0x0000007ab0400000,0x0000007ab0500000] [id=3860]
  0x000001f9f2750060 ConcurrentGCThread "G1 Conc#0" [stack: 0x0000007ab0500000,0x0000007ab0600000] [id=13452]

[error occurred during error reporting (printing all threads), id 0xc0000005, EXCEPTION_ACCESS_VIOLATION (0xc0000005) at pc=0x00007ffbd5562087]

VM state: not at safepoint (not fully initialized)

VM Mutex/Monitor currently owned by a thread:  ([mutex/lock_event])
[0x000001f9f26cfe10] Heap_lock - owner thread: 0x000001f9f26d1800

Heap address: 0x0000000701c00000, size: 4068 MB, Compressed Oops mode: Zero based, Oop shift amount: 3

CDS archive(s) mapped at: [0x0000000000000000-0x0000000000000000-0x0000000000000000), size 0, SharedBaseAddress: 0x0000000800000000, ArchiveRelocationMode: 0.
Narrow klass base: 0x0000000000000000, Narrow klass shift: 0, Narrow klass range: 0x0

GC Precious Log:
<Empty>

Heap:
 garbage-first heap   total 0K, used 0K [0x0000000701c00000, 0x0000000800000000)
  region size 2048K, 0 young (0K), 0 survivors (0K)
 Metaspace       used 0K, committed 0K, reserved 0K
  class space    used 0K, committed 0K, reserved 0K

Heap Regions: E=young(eden), S=young(survivor), O=old, HS=humongous(starts), HC=humongous(continues), CS=collection set, F=free, OA=open archive, CA=closed archive, TAMS=top-at-mark-start (previous, next)

Card table byte_map: [0x000001f9f66d0000,0x000001f9f6ed0000] _byte_map_base: 0x000001f9f2ec2000

Marking Bits (Prev, Next): (CMBitMap*) 0x000001f9f273dec0, (CMBitMap*) 0x000001f9f273df00
 Prev Bits: [0x000001f9f76d0000, 0x000001f9fb660000)
 Next Bits: [0x000001f9fb660000, 0x000001f9ff5f0000)

GC Heap History (0 events):
No events

Dll operation events (1 events):
Event: 0.022 Loaded shared library C:\Program Files\Android\Android Studio\jbr\bin\java.dll

Deoptimization events (0 events):
No events

Classes unloaded (0 events):
No events

Classes redefined (0 events):
No events

Internal exceptions (0 events):
No events

VM Operations (0 events):
No events

Events (0 events):
No events


Dynamic libraries:
0x00007ff6e52b0000 - 0x00007ff6e52ba000 	C:\Program Files\Android\Android Studio\jbr\bin\java.exe
0x00007ffc2f430000 - 0x00007ffc2f647000 	C:\WINDOWS\SYSTEM32\ntdll.dll
0x00007ffc2ddf0000 - 0x00007ffc2deb4000 	C:\WINDOWS\System32\KERNEL32.DLL
0x00007ffc2ca20000 - 0x00007ffc2cdcc000 	C:\WINDOWS\System32\KERNELBASE.dll
0x00007ffc2cef0000 - 0x00007ffc2d001000 	C:\WINDOWS\System32\ucrtbase.dll
0x00007ffc22520000 - 0x00007ffc22537000 	C:\Program Files\Android\Android Studio\jbr\bin\jli.dll
0x00007ffc2ea70000 - 0x00007ffc2ec1e000 	C:\WINDOWS\System32\USER32.dll
0x00007ffc2c970000 - 0x00007ffc2c996000 	C:\WINDOWS\System32\win32u.dll
0x00007ffc0fd50000 - 0x00007ffc0fd6b000 	C:\Program Files\Android\Android Studio\jbr\bin\VCRUNTIME140.dll
0x00007ffc2db50000 - 0x00007ffc2db79000 	C:\WINDOWS\System32\GDI32.dll
0x00007ffc0e590000 - 0x00007ffc0e823000 	C:\WINDOWS\WinSxS\amd64_microsoft.windows.common-controls_6595b64144ccf1df_6.0.22621.3672_none_2713b9d173822955\COMCTL32.dll
0x00007ffc2d720000 - 0x00007ffc2d7c7000 	C:\WINDOWS\System32\msvcrt.dll
0x00007ffc2cdd0000 - 0x00007ffc2cee9000 	C:\WINDOWS\System32\gdi32full.dll
0x00007ffc2d0d0000 - 0x00007ffc2d16a000 	C:\WINDOWS\System32\msvcp_win.dll
0x00007ffc2e930000 - 0x00007ffc2e961000 	C:\WINDOWS\System32\IMM32.DLL
0x00007ffc13040000 - 0x00007ffc1304c000 	C:\Program Files\Android\Android Studio\jbr\bin\vcruntime140_1.dll
0x00007ffbf13e0000 - 0x00007ffbf146d000 	C:\Program Files\Android\Android Studio\jbr\bin\msvcp140.dll
0x00007ffbd5270000 - 0x00007ffbd5ef0000 	C:\Program Files\Android\Android Studio\jbr\bin\server\jvm.dll
0x00007ffc2df40000 - 0x00007ffc2dff2000 	C:\WINDOWS\System32\ADVAPI32.dll
0x00007ffc2d1d0000 - 0x00007ffc2d27a000 	C:\WINDOWS\System32\sechost.dll
0x00007ffc2c940000 - 0x00007ffc2c968000 	C:\WINDOWS\System32\bcrypt.dll
0x00007ffc2f140000 - 0x00007ffc2f255000 	C:\WINDOWS\System32\RPCRT4.dll
0x00007ffc18630000 - 0x00007ffc18639000 	C:\WINDOWS\SYSTEM32\WSOCK32.dll
0x00007ffc2dec0000 - 0x00007ffc2df31000 	C:\WINDOWS\System32\WS2_32.dll
0x00007ffc24040000 - 0x00007ffc24074000 	C:\WINDOWS\SYSTEM32\WINMM.dll
0x00007ffc20c60000 - 0x00007ffc20c6a000 	C:\WINDOWS\SYSTEM32\VERSION.dll
0x00007ffc2b750000 - 0x00007ffc2b768000 	C:\WINDOWS\SYSTEM32\kernel.appcore.dll
0x00007ffc24f40000 - 0x00007ffc24f4a000 	C:\Program Files\Android\Android Studio\jbr\bin\jimage.dll
0x00007ffc27b70000 - 0x00007ffc27da2000 	C:\WINDOWS\SYSTEM32\DBGHELP.DLL
0x00007ffc2d390000 - 0x00007ffc2d718000 	C:\WINDOWS\System32\combase.dll
0x00007ffc2f310000 - 0x00007ffc2f3e7000 	C:\WINDOWS\System32\OLEAUT32.dll
0x00007ffc20b80000 - 0x00007ffc20bb2000 	C:\WINDOWS\SYSTEM32\dbgcore.DLL
0x00007ffc2c9a0000 - 0x00007ffc2ca1b000 	C:\WINDOWS\System32\bcryptPrimitives.dll
0x00007ffc24110000 - 0x00007ffc24135000 	C:\Program Files\Android\Android Studio\jbr\bin\java.dll

dbghelp: loaded successfully - version: 4.0.5 - missing functions: none
symbol engine: initialized successfully - sym options: 0x614 - pdb path: .;C:\Program Files\Android\Android Studio\jbr\bin;C:\WINDOWS\SYSTEM32;C:\WINDOWS\WinSxS\amd64_microsoft.windows.common-controls_6595b64144ccf1df_6.0.22621.3672_none_2713b9d173822955;C:\Program Files\Android\Android Studio\jbr\bin\server

VM Arguments:
java_command: org.jetbrains.kotlin.cli.jvm.K2JVMCompiler @C:\Users\Ishika\AndroidStudioProjects\ProjManage\app\build\20240721_15695693765464320006.compiler.options
java_class_path (initial): C:\Users\Ishika\.gradle\caches\modules-2\files-2.1\org.jetbrains.kotlin\kotlin-compiler-embeddable\1.9.22\9cd4dc7773cf2a99ecd961a88fbbc9a2da3fb5e1\kotlin-compiler-embeddable-1.9.22.jar;C:\Users\Ishika\.gradle\caches\modules-2\files-2.1\org.jetbrains.kotlin\kotlin-stdlib\1.9.22\d6c44cd08d8f3f9bece8101216dbe6553365c6e3\kotlin-stdlib-1.9.22.jar;C:\Users\Ishika\.gradle\caches\modules-2\files-2.1\org.jetbrains.kotlin\kotlin-script-runtime\1.9.22\f8139a46fc677ec9badc49ae954392f4f5e7e7c7\kotlin-script-runtime-1.9.22.jar;C:\Users\Ishika\.gradle\caches\modules-2\files-2.1\org.jetbrains.kotlin\kotlin-reflect\1.6.10\1cbe9c92c12a94eea200d23c2bbaedaf3daf5132\kotlin-reflect-1.6.10.jar;C:\Users\Ishika\.gradle\caches\modules-2\files-2.1\org.jetbrains.kotlin\kotlin-daemon-embeddable\1.9.22\20e2c5df715f3240c765cfc222530e2796542021\kotlin-daemon-embeddable-1.9.22.jar;C:\Users\Ishika\.gradle\caches\modules-2\files-2.1\org.jetbrains.intellij.deps\trove4j\1.0.20200330\3afb14d5f9ceb459d724e907a21145e8ff394f02\trove4j-1.0.20200330.jar;C:\Users\Ishika\.gradle\caches\modules-2\files-2.1\org.jetbrains\annotations\13.0\919f0dfe192fb4e063e7dacadee7f8bb9a2672a9\annotations-13.0.jar
Launcher Type: SUN_STANDARD

[Global flags]
     intx CICompilerCount                          = 4                                         {product} {ergonomic}
     uint ConcGCThreads                            = 2                                         {product} {ergonomic}
     uint G1ConcRefinementThreads                  = 8                                         {product} {ergonomic}
   size_t G1HeapRegionSize                         = 2097152                                   {product} {ergonomic}
    uintx GCDrainStackTargetSize                   = 64                                        {product} {ergonomic}
   size_t InitialHeapSize                          = 268435456                                 {product} {ergonomic}
   size_t MarkStackSize                            = 4194304                                   {product} {ergonomic}
   size_t MaxHeapSize                              = 4265607168                                {product} {ergonomic}
   size_t MinHeapDeltaBytes                        = 2097152                                   {product} {ergonomic}
   size_t MinHeapSize                              = 8388608                                   {product} {ergonomic}
    uintx NonNMethodCodeHeapSize                   = 5839372                                {pd product} {ergonomic}
    uintx NonProfiledCodeHeapSize                  = 122909434                              {pd product} {ergonomic}
    uintx ProfiledCodeHeapSize                     = 122909434                              {pd product} {ergonomic}
    uintx ReservedCodeCacheSize                    = 251658240                              {pd product} {ergonomic}
     bool SegmentedCodeCache                       = true                                      {product} {ergonomic}
   size_t SoftMaxHeapSize                          = 4265607168                             {manageable} {ergonomic}
     bool UseCompressedClassPointers               = true                           {product lp64_product} {ergonomic}
     bool UseCompressedOops                        = true                           {product lp64_product} {ergonomic}
     bool UseG1GC                                  = true                                      {product} {ergonomic}
     bool UseLargePagesIndividualAllocation        = false                                  {pd product} {ergonomic}

Logging:
Log output configuration:
 #0: stdout all=warning uptime,level,tags
 #1: stderr all=off uptime,level,tags

Environment Variables:
PATH=D:\Downloads\WINDOWS.X64_193000_db_home\bin;C:\Program Files (x86)\VMware\VMware Player\bin\;C:\Program Files (x86)\Intel\iCLS Client\;C:\Program Files\Intel\iCLS Client\;C:\WINDOWS\system32;C:\WINDOWS;C:\WINDOWS\System32\Wbem;C:\WINDOWS\System32\WindowsPowerShell\v1.0\;C:\WINDOWS\System32\OpenSSH\;C:\Program Files (x86)\Intel\Intel(R) Management Engine Components\DAL;C:\Program Files\Intel\Intel(R) Management Engine Components\DAL;C:\Program Files (x86)\Intel\Intel(R) Management Engine Components\IPT;C:\Program Files\Intel\Intel(R) Management Engine Components\IPT;C:\Program Files\Intel\WiFi\bin\;C:\Program Files\Common Files\Intel\WirelessCommon\;C:\Program Files\Git\cmd;D:\;C:\Program Files\MySQL\MySQL Shell 8.0\bin\;C:\Users\Ishika\AppData\Local\Microsoft\WindowsApps;D:\Downloads\PyCharm 2022.3.2\bin;;D:\Downloads\IntelliJ IDEA 2022.3.2\bin;;C:\Users\Ishika\AppData\Local\Programs\Microsoft VS Code\bin;C:\Users\Ishika\AppData\Roaming\npm
USERNAME=Ishika
OS=Windows_NT
PROCESSOR_IDENTIFIER=Intel64 Family 6 Model 142 Stepping 10, GenuineIntel
TMP=C:\Users\Ishika\AppData\Local\Temp
TEMP=C:\Users\Ishika\AppData\Local\Temp


JNI global refs:
JNI global refs: 0, weak refs: 0

JNI global refs memory usage: 0, weak refs: 0

OOME stack traces (most recent first):
Classloader memory used:


---------------  S Y S T E M  ---------------

OS:
 Windows 11 , 64 bit Build 22621 (10.0.22621.3672)
OS uptime: 0 days 21:40 hours
Hyper-V role detected

CPU: total 8 (initial active 8) (4 cores per cpu, 2 threads per core) family 6 model 142 stepping 10 microcode 0xe0, cx8, cmov, fxsr, ht, mmx, 3dnowpref, sse, sse2, sse3, ssse3, sse4.1, sse4.2, popcnt, lzcnt, tsc, tscinvbit, avx, avx2, aes, erms, clmul, bmi1, bmi2, adx, fma, vzeroupper, clflush, clflushopt, hv

Memory: 4k page, system-wide physical 16270M (95M free)
TotalPageFile size 45928M (AvailPageFile size 48M)
current process WorkingSet (physical memory assigned to process): 11M, peak: 11M
current process commit charge ("private bytes"): 60M, peak: 316M

vm_info: OpenJDK 64-Bit Server VM (17.0.7+0-b2043.56-10550314) for windows-amd64 JRE (17.0.7+0-b2043.56-10550314), built on Jul 24 2023 18:27:45 by "androidbuild" with MS VC++ 16.10 / 16.11 (VS2019)

END.
